<html>
<body>
<pre>
<h1>Vision Build Log</h1>
<h2>Tool Versions:</h2>
IDE-Version: μVision V5.21.1.0
Copyright (C) 2016 ARM Ltd and ARM Germany GmbH. All rights reserved.
License Information: LHN LHN, LHN, LIC=DSNX7-ESGPH-QI55M-XIJK9-YESB2-MLHL0
 
Tool Versions:
Toolchain:       MDK-ARM Professional  Version: 5.21a
Toolchain Path:  D:\KEIL5\ARM\ARMCC\Bin
C Compiler:      Armcc.exe V5.06 update 3 (build 300)
Assembler:       Armasm.exe V5.06 update 3 (build 300)
Linker/Locator:  ArmLink.exe V5.06 update 3 (build 300)
Library Manager: ArmAr.exe V5.06 update 3 (build 300)
Hex Converter:   FromElf.exe V5.06 update 3 (build 300)
CPU DLL:         SARMCM3.DLL V5.21a
Dialog DLL:      DARMCM1.DLL V1.14.0.0
Target DLL:      Segger\JL2CM3.dll V2.99.23.0
Dialog DLL:      TARMCM1.DLL V1.10.0.0
 
<h2>Project:</h2>
<<<<<<< HEAD
G:\电子设计\飞卡\程序\FreescaleCar\USER\FreescaleCar.uvprojx
Project File Date:  03/12/2018

<h2>Output:</h2>
*** Using Compiler 'V5.06 update 3 (build 300)', folder: 'D:\KEIL5\ARM\ARMCC\Bin'
Rebuild target 'FreescaleCar'
assembling startup_SKEAZ1284.s...
compiling system_SKEAZ1284.c...
compiling FreescaleCar.c...
compiling main.c...
compiling drv_uart.c...
..\DRV\src\drv_uart.c(58): error:  #20: identifier "SystemBusClock" is undefined
  	uart_clk = SystemBusClock;
..\DRV\src\drv_uart.c: 0 warnings, 1 error
compiling drv_pit.c...
..\DRV\src\drv_pit.c(54): error:  #20: identifier "SystemBusClock" is undefined
  	cnt = (SystemBusClock / 1000 ) * PIT_InitStruct->PIT_Period;
..\DRV\src\drv_pit.c: 0 warnings, 1 error
compiling drv_gpio.c...
compiling drv_adc.c...
compiling drv_rcc.c...
compiling drv_ftm.c...
..\DRV\src\drv_ftm.c(22): error:  #20: identifier "SystemTimerClock" is undefined
  	ftmclk = SystemTimerClock;
..\DRV\src\drv_ftm.c(90): error:  #20: identifier "SystemBusClock" is undefined
  	pwmclk = SystemBusClock;
..\DRV\src\drv_ftm.c: 0 warnings, 2 errors
compiling drv_acmp.c...
compiling drv_flash.c...
..\DRV\src\drv_flash.c(81): error:  #20: identifier "SystemBusClock" is undefined
  	clk = (SystemBusClock / 1000000) - 1;
..\DRV\src\drv_flash.c: 0 warnings, 1 error
compiling drv_irq.c...
compiling drv_power.c...
compiling drv_spi.c...
compiling drv_rtc.c...
compiling drv_pwt.c...
compiling drv_wdog.c...
..\DRV\src\drv_wdog.c(51): error:  #20: identifier "SystemBusClock" is undefined
  		case 
DOG_ClockSource_BusClk: cnt = (SystemBusClock / 1000) * WDOG_InitStruct->WDOG_Period;break;
..\DRV\src\drv_wdog.c: 0 warnings, 1 error
compiling bsp.c...
compiling bsp_led.c...
compiling drv_kbi.c...
compiling bsp_key.c...
compiling bsp_uart.c...
..\BSP\src\bsp_uart.c(302): warning:  #550-D: variable "RecvData" was set but never used
  	uint8_t RecvData = 0;
..\BSP\src\bsp_uart.c(303): warning:  #550-D: variable "reg" was set but never used
  	uint8_t reg = 0x0;
..\BSP\src\bsp_uart.c: 2 warnings, 0 errors
compiling bsp_timer.c...
compiling bsp_flash.c...
compiling bsp_motor.c...
compiling bsp_oled.c...
compiling bsp_switch.c...
compiling bsp_encoder.c...
compiling bsp_sensor.c...
compiling app_filter.c...
compiling app_debug.c...
compiling app_sort.c...
compiling app_pid.c...
".\Objects\LED.axf" - 6 Error(s), 2 Warning(s).
=======
E:\学习资料\比赛\飞思卡尔智能车大赛\程序\Freescale\USER\FreescaleCar.uvprojx
Project File Date:  03/03/2018

<h2>Output:</h2>
*** Using Compiler 'V5.06 update 3 (build 300)', folder: 'C:\Keil_v5\ARM\ARMCC\Bin'
Build target 'FreescaleCar'
compiling main.c...
main.c(27): warning:  #177-D: variable "f" was declared but never referenced
  	F f;
main.c: 1 warning, 0 errors
linking...
Program Size: Code=6484 RO-data=256 RW-data=52 ZI-data=2692  
FromELF: creating hex file...
".\Objects\LED.axf" - 0 Error(s), 1 Warning(s).
>>>>>>> origin/Mr-He

<h2>Collection of Component include folders:</h2>
  G:\电子设计\飞卡\程序\FreescaleCar\USER\RTE
  D:\KEIL5\ARM\PACK\Keil\Kinetis_KEAxx_DFP\1.3.0\Device\Include

<h2>Collection of Component Files used:</h2>
Target not created.
Build Time Elapsed:  00:00:11
</pre>
</body>
</html>
